<?xml version="1.0" encoding="UTF-8"?>
<!-- Generated by org.testng.reporters.JUnitReportReporter -->
<testsuite skipped="0" hostname="DESKTOP-M4R922J" name="testcases.Test2" tests="2" failures="0" timestamp="2020-08-19T20:17:10 IST" time="0.010" errors="0">
  <testcase name="f" time="0.006" classname="testcases.Test2"/>
  <system-out/>
  <testcase name="f" time="0.004" classname="testcases.Test2"/>
  <system-out/>
</testsuite> <!-- testcases.Test2 -->
