<?xml version="1.0" encoding="UTF-8"?>
<!-- Generated by org.testng.reporters.JUnitReportReporter -->
<testsuite skipped="0" hostname="DESKTOP-M4R922J" name="testcases.Test1" tests="1" failures="0" timestamp="2020-08-18T14:27:35 IST" time="0.013" errors="0">
  <testcase name="f" time="0.013" classname="testcases.Test1"/>
  <system-out/>
</testsuite> <!-- testcases.Test1 -->
