<?xml version="1.0" encoding="UTF-8"?>
<!-- Generated by org.testng.reporters.JUnitReportReporter -->
<testsuite skipped="0" hostname="DESKTOP-M4R922J" name="testcases.Test1" tests="1" failures="0" timestamp="2020-08-18T15:34:47 IST" time="0.011" errors="0">
  <testcase name="test2" time="0.011" classname="testcases.Test1"/>
  <system-out/>
</testsuite> <!-- testcases.Test1 -->
