<?xml version="1.0" encoding="UTF-8"?>
<!-- Generated by org.testng.reporters.JUnitReportReporter -->
<testsuite skipped="0" hostname="DESKTOP-M4R922J" name="testcases.Test1" tests="4" failures="0" timestamp="2020-08-19T20:17:10 IST" time="0.027" errors="0">
  <testcase name="f" time="0.002" classname="testcases.Test1"/>
  <system-out/>
  <testcase name="test2" time="0.003" classname="testcases.Test1"/>
  <system-out/>
  <testcase name="test2" time="0.007" classname="testcases.Test1"/>
  <system-out/>
  <testcase name="f" time="0.015" classname="testcases.Test1"/>
  <system-out/>
</testsuite> <!-- testcases.Test1 -->
